rv32ui-p-add.txt results: PASS
rv32ui-p-addi.txt results: PASS
rv32ui-p-and.txt results: PASS
rv32ui-p-andi.txt results: PASS
rv32ui-p-auipc.txt results: PASS
rv32ui-p-beq.txt results: PASS
rv32ui-p-bge.txt results: PASS
rv32ui-p-bgeu.txt results: PASS
rv32ui-p-blt.txt results: PASS
rv32ui-p-bltu.txt results: PASS
rv32ui-p-bne.txt results: PASS
rv32ui-p-fence_i.txt results: FAIL미미미미미미미미미미
rv32ui-p-jal.txt results: PASS
rv32ui-p-jalr.txt results: PASS
rv32ui-p-lb.txt results: FAIL미미미미미미미미미미
rv32ui-p-lbu.txt results: FAIL미미미미미미미미미미
rv32ui-p-lh.txt results: FAIL미미미미미미미미미미
rv32ui-p-lhu.txt results: FAIL미미미미미미미미미미
rv32ui-p-lui.txt results: PASS
rv32ui-p-lw.txt results: FAIL미미미미미미미미미미
rv32ui-p-or.txt results: PASS
rv32ui-p-ori.txt results: PASS
rv32ui-p-sb.txt results: FAIL미미미미미미미미미미
rv32ui-p-sh.txt results: FAIL미미미미미미미미미미
rv32ui-p-simple.txt results: PASS
rv32ui-p-sll.txt results: PASS
rv32ui-p-slli.txt results: PASS
rv32ui-p-slt.txt results: PASS
rv32ui-p-slti.txt results: PASS
rv32ui-p-sltiu.txt results: PASS
rv32ui-p-sltu.txt results: PASS
rv32ui-p-sra.txt results: PASS
rv32ui-p-srai.txt results: PASS
rv32ui-p-srl.txt results: PASS
rv32ui-p-srli.txt results: PASS
rv32ui-p-sub.txt results: PASS
rv32ui-p-sw.txt results: FAIL미미미미미미미미미미
rv32ui-p-xor.txt results: PASS
rv32ui-p-xori.txt results: PASS
rv32um-p-div.txt results: FAIL미미미미미미미미미미
rv32um-p-divu.txt results: FAIL미미미미미미미미미미
rv32um-p-mul.txt results: FAIL미미미미미미미미미미
rv32um-p-mulh.txt results: FAIL미미미미미미미미미미
rv32um-p-mulhsu.txt results: FAIL미미미미미미미미미미
rv32um-p-mulhu.txt results: FAIL미미미미미미미미미미
rv32um-p-rem.txt results: FAIL미미미미미미미미미미
rv32um-p-remu.txt results: FAIL미미미미미미미미미미
